Arguments: 
  /Users/tkodev/Library/Application Support/fnm/node-versions/v14.20.0/installation/bin/node /opt/homebrew/Cellar/yarn/1.22.19/libexec/bin/yarn.js init -3

PATH: 
  /Users/tkodev/Library/Caches/fnm_multishells/99892_1666721209392/bin:/opt/homebrew/bin:/opt/homebrew/sbin:/Users/tkodev/Library/Android/sdk/tools:/Users/tkodev/Library/Android/sdk/tools/bin:/Users/tkodev/Library/Android/sdk/platform-tools:/Users/tkodev/Library/Caches/fnm_multishells/99842_1666721209230/bin:/opt/homebrew/bin:/opt/homebrew/sbin:/Users/tkodev/Library/Android/sdk/tools:/Users/tkodev/Library/Android/sdk/tools/bin:/Users/tkodev/Library/Android/sdk/platform-tools:/usr/local/bin:/usr/bin:/bin:/usr/sbin:/sbin:/Library/Apple/usr/bin

Yarn version: 
  1.22.19

Node version: 
  14.20.0

Platform: 
  darwin x64

Trace: 
  Error: canceled
      at Interface.<anonymous> (/opt/homebrew/Cellar/yarn/1.22.19/libexec/lib/cli.js:137150:13)
      at Interface.emit (events.js:400:28)
      at Interface._ttyWrite (readline.js:1001:16)
      at ReadStream.onkeypress (readline.js:265:10)
      at ReadStream.emit (events.js:400:28)
      at emitKeys (internal/readline/utils.js:358:14)
      at emitKeys.next (<anonymous>)
      at ReadStream.onData (readline.js:1270:36)
      at ReadStream.emit (events.js:400:28)
      at addChunk (internal/streams/readable.js:293:12)

npm manifest: 
  No manifest

yarn manifest: 
  No manifest

Lockfile: 
  No lockfile
